<?xml version="1.0" encoding="UTF-8"?>
<!-- Generated by org.testng.reporters.JUnitXMLReporter -->
<testsuite ignored="1" hostname="LAPTOP-CT461LNR" failures="0" tests="1" name="Test" time="4.028" errors="0" timestamp="2025-01-09T09:50:18 IST">
  <testcase classname="Sample1.VerifyFacebookLoginPage" name="LaunchApplication" time="1.914"/>
  <testcase classname="Sample1.VerifyFacebookLoginPage" name="loginpage" time="0.0">
    <ignored/>
  </testcase> <!-- loginpage -->
</testsuite> <!-- Test -->
