<?xml version="1.0" encoding="UTF-8"?>
<testng-results ignored="0" total="1" passed="1" failed="0" skipped="0">
  <reporter-output>
  </reporter-output>
  <suite started-at="2025-01-09T09:50:14 IST" name="Suite" finished-at="2025-01-09T09:50:18 IST" duration-ms="4028">
    <groups>
    </groups>
    <test started-at="2025-01-09T09:50:14 IST" name="Test" finished-at="2025-01-09T09:50:18 IST" duration-ms="4028">
      <class name="Sample1.VerifyFacebookLoginPage">
        <test-method is-config="true" signature="LaunchBrowser()[pri:0, instance:Sample1.VerifyFacebookLoginPage@6c284af]" started-at="2025-01-09T09:50:14 IST" name="LaunchBrowser" finished-at="2025-01-09T09:50:16 IST" duration-ms="2051" status="PASS">
          <reporter-output>
          </reporter-output>
        </test-method> <!-- LaunchBrowser -->
        <test-method signature="LaunchApplication()[pri:0, instance:Sample1.VerifyFacebookLoginPage@6c284af]" started-at="2025-01-09T09:50:16 IST" name="LaunchApplication" finished-at="2025-01-09T09:50:18 IST" duration-ms="1914" status="PASS">
          <reporter-output>
          </reporter-output>
        </test-method> <!-- LaunchApplication -->
        <test-method is-config="true" signature="closeBrowser()[pri:0, instance:Sample1.VerifyFacebookLoginPage@6c284af]" started-at="2025-01-09T09:50:18 IST" name="closeBrowser" finished-at="2025-01-09T09:50:18 IST" duration-ms="1" status="PASS">
          <reporter-output>
          </reporter-output>
        </test-method> <!-- closeBrowser -->
      </class> <!-- Sample1.VerifyFacebookLoginPage -->
    </test> <!-- Test -->
  </suite> <!-- Suite -->
</testng-results>
